<?xml version="1.0" encoding="UTF-8"?>
<!-- Generated by org.testng.reporters.JUnitReportReporter -->
<testsuite hostname="DESKTOP-HTOPON3" failures="0" tests="1" name="ConvertintoTestng.manage_timeouts_implicit_and_explicit" time="88.933" errors="0" timestamp="2024-08-12T09:37:41 IST" skipped="0">
  <testcase classname="ConvertintoTestng.manage_timeouts_implicit_and_explicit" name="task" time="88.933"/>
  <system-out/>
</testsuite> <!-- ConvertintoTestng.manage_timeouts_implicit_and_explicit -->
