<?xml version="1.0" encoding="UTF-8"?>
<!-- Generated by org.testng.reporters.JUnitReportReporter -->
<testsuite hostname="DESKTOP-HTOPON3" failures="0" tests="1" name="ConvertintoTestng.Action_9__scrolltoele_scrollbyamt" time="30.798" errors="0" timestamp="2024-08-11T17:54:13 IST" skipped="0">
  <testcase classname="ConvertintoTestng.Action_9__scrolltoele_scrollbyamt" name="task" time="30.798"/>
  <system-out/>
</testsuite> <!-- ConvertintoTestng.Action_9__scrolltoele_scrollbyamt -->
