<?xml version="1.0" encoding="UTF-8"?>
<!-- Generated by org.testng.reporters.JUnitReportReporter -->
<testsuite hostname="DESKTOP-HTOPON3" failures="0" tests="1" name="ConvertintoTestng.launch_all_browser_upcast" time="107.972" errors="0" timestamp="2024-08-10T09:22:29 IST" skipped="0">
  <testcase classname="ConvertintoTestng.launch_all_browser_upcast" name="launch" time="107.972"/>
  <system-out/>
</testsuite> <!-- ConvertintoTestng.launch_all_browser_upcast -->
