<?xml version="1.0" encoding="UTF-8"?>
<!-- Generated by org.testng.reporters.JUnitReportReporter -->
<testsuite hostname="DESKTOP-HTOPON3" failures="0" tests="1" name="ConvertintoTestng.Locator_xpath_absolute_5" time="44.384" errors="0" timestamp="2024-08-11T19:38:10 IST" skipped="0">
  <testcase classname="ConvertintoTestng.Locator_xpath_absolute_5" name="task" time="44.384"/>
  <system-out/>
</testsuite> <!-- ConvertintoTestng.Locator_xpath_absolute_5 -->
