<?xml version="1.0" encoding="UTF-8"?>
<!-- Generated by org.testng.reporters.JUnitReportReporter -->
<testsuite hostname="DESKTOP-HTOPON3" failures="0" tests="1" name="ConvertintoTestng.Webdriver_abstract_method" time="58.595" errors="0" timestamp="2024-08-10T08:45:57 IST" skipped="0">
  <testcase classname="ConvertintoTestng.Webdriver_abstract_method" name="abmethod" time="58.595"/>
  <system-out/>
</testsuite> <!-- ConvertintoTestng.Webdriver_abstract_method -->
