<?xml version="1.0" encoding="UTF-8"?>
<!-- Generated by org.testng.reporters.JUnitReportReporter -->
<testsuite hostname="DESKTOP-HTOPON3" failures="0" tests="1" name="testng_basic.progr_16_HardAssert" time="16.570" errors="0" timestamp="2024-08-16T21:08:59 IST" skipped="0">
  <testcase classname="testng_basic.progr_16_HardAssert" name="hardassert" time="16.570"/>
  <system-out/>
</testsuite> <!-- testng_basic.progr_16_HardAssert -->
