<?xml version="1.0" encoding="UTF-8"?>
<!-- Generated by org.testng.reporters.JUnitReportReporter -->
<testsuite hostname="DESKTOP-HTOPON3" failures="0" tests="1" name="ConvertintoTestng.Popupwin_9_calender_task" time="75.617" errors="0" timestamp="2024-08-11T21:20:08 IST" skipped="0">
  <testcase classname="ConvertintoTestng.Popupwin_9_calender_task" name="task" time="75.617"/>
  <system-out/>
</testsuite> <!-- ConvertintoTestng.Popupwin_9_calender_task -->
