<?xml version="1.0" encoding="UTF-8"?>
<!-- Generated by org.testng.reporters.JUnitReportReporter -->
<testsuite hostname="DESKTOP-HTOPON3" failures="0" tests="1" name="ConvertintoTestng.iframe_with_Multiple_3" time="22.014" errors="0" timestamp="2024-08-11T21:53:39 IST" skipped="0">
  <testcase classname="ConvertintoTestng.iframe_with_Multiple_3" name="task" time="22.014"/>
  <system-out/>
</testsuite> <!-- ConvertintoTestng.iframe_with_Multiple_3 -->
