<?xml version="1.0" encoding="UTF-8"?>
<!-- Generated by org.testng.reporters.JUnitReportReporter -->
<testsuite hostname="DESKTOP-HTOPON3" failures="0" tests="1" name="ConvertintoTestng.Robotclass_with_popup" time="28.681" errors="0" timestamp="2024-08-11T20:37:50 IST" skipped="0">
  <testcase classname="ConvertintoTestng.Robotclass_with_popup" name="task" time="28.681"/>
  <system-out/>
</testsuite> <!-- ConvertintoTestng.Robotclass_with_popup -->
