<?xml version="1.0" encoding="UTF-8"?>
<!-- Generated by org.testng.reporters.JUnitReportReporter -->
<testsuite hostname="DESKTOP-HTOPON3" failures="0" tests="1" name="ConvertintoTestng.takescreenshot_webelement" time="18.748" errors="0" timestamp="2024-08-10T09:29:17 IST" skipped="0">
  <testcase classname="ConvertintoTestng.takescreenshot_webelement" name="abmethod" time="18.748"/>
  <system-out/>
</testsuite> <!-- ConvertintoTestng.takescreenshot_webelement -->
