<?xml version="1.0" encoding="UTF-8"?>
<!-- Generated by org.testng.reporters.JUnitReportReporter -->
<testsuite hostname="DESKTOP-HTOPON3" failures="0" tests="4" name="testng_basic.thired_prog" time="0.039" errors="0" timestamp="2024-08-07T13:36:48 IST" skipped="0">
  <testcase classname="testng_basic.thired_prog" name="reg" time="0.018"/>
  <system-out/>
  <testcase classname="testng_basic.thired_prog" name="login" time="0.006"/>
  <system-out/>
  <testcase classname="testng_basic.thired_prog" name="newacc" time="0.005"/>
  <system-out/>
  <testcase classname="testng_basic.thired_prog" name="delete" time="0.010"/>
  <system-out/>
</testsuite> <!-- testng_basic.thired_prog -->
