<?xml version="1.0" encoding="UTF-8"?>
<!-- Generated by org.testng.reporters.JUnitReportReporter -->
<testsuite hostname="DESKTOP-HTOPON3" failures="0" tests="1" name="testng_basic.progr_14_include_exclude_at_testlevel" time="0.025" errors="0" timestamp="2024-08-12T14:13:09 IST" skipped="0">
  <testcase classname="testng_basic.progr_14_include_exclude_at_testlevel" name="login" time="0.025"/>
  <system-out/>
</testsuite> <!-- testng_basic.progr_14_include_exclude_at_testlevel -->
