<?xml version="1.0" encoding="UTF-8"?>
<!-- Generated by org.testng.reporters.JUnitReportReporter -->
<testsuite hostname="DESKTOP-HTOPON3" failures="0" tests="1" name="ConvertintoTestng.Locator_tagname_3" time="58.202" errors="0" timestamp="2024-08-11T19:27:15 IST" skipped="0">
  <testcase classname="ConvertintoTestng.Locator_tagname_3" name="task" time="58.202"/>
  <system-out/>
</testsuite> <!-- ConvertintoTestng.Locator_tagname_3 -->
