<?xml version="1.0" encoding="UTF-8"?>
<!-- Generated by org.testng.reporters.JUnitReportReporter -->
<testsuite hostname="DESKTOP-HTOPON3" failures="0" tests="5" name="testng_basic.progr_10__threadpoolsize_helperattribute" time="183.163" errors="0" timestamp="2024-08-09T13:46:39 IST" skipped="0">
  <testcase classname="testng_basic.progr_10__threadpoolsize_helperattribute" name="face" time="36.380"/>
  <system-out/>
  <testcase classname="testng_basic.progr_10__threadpoolsize_helperattribute" name="face" time="36.518"/>
  <system-out/>
  <testcase classname="testng_basic.progr_10__threadpoolsize_helperattribute" name="face" time="37.045"/>
  <system-out/>
  <testcase classname="testng_basic.progr_10__threadpoolsize_helperattribute" name="face" time="36.158"/>
  <system-out/>
  <testcase classname="testng_basic.progr_10__threadpoolsize_helperattribute" name="face" time="37.062"/>
  <system-out/>
</testsuite> <!-- testng_basic.progr_10__threadpoolsize_helperattribute -->
