<?xml version="1.0" encoding="UTF-8"?>
<!-- Generated by org.testng.reporters.JUnitReportReporter -->
<testsuite hostname="DESKTOP-HTOPON3" failures="0" tests="1" name="ConvertintoTestng.JSE_scrollintoview_with_Webdriver_interfaceand_typecasting_3" time="27.688" errors="0" timestamp="2024-08-12T00:33:42 IST" skipped="0">
  <testcase classname="ConvertintoTestng.JSE_scrollintoview_with_Webdriver_interfaceand_typecasting_3" name="task" time="27.688"/>
  <system-out/>
</testsuite> <!-- ConvertintoTestng.JSE_scrollintoview_with_Webdriver_interfaceand_typecasting_3 -->
