<?xml version="1.0" encoding="UTF-8"?>
<!-- Generated by org.testng.reporters.JUnitReportReporter -->
<testsuite hostname="DESKTOP-HTOPON3" failures="0" tests="1" name="testng_basic.prog_8_insta_batch" time="220.173" errors="0" timestamp="2024-08-10T13:19:07 IST" skipped="0">
  <testcase classname="testng_basic.prog_8_insta_batch" name="insta" time="220.173"/>
  <system-out/>
</testsuite> <!-- testng_basic.prog_8_insta_batch -->
