<?xml version="1.0" encoding="UTF-8"?>
<!-- Generated by org.testng.reporters.JUnitReportReporter -->
<testsuite hostname="DESKTOP-HTOPON3" failures="0" tests="2" name="testng_basic.progr_15_include_exclude_at_testlevel" time="0.011" errors="0" timestamp="2024-08-12T14:15:10 IST" skipped="0">
  <testcase classname="testng_basic.progr_15_include_exclude_at_testlevel" name="create" time="0.003"/>
  <system-out/>
  <testcase classname="testng_basic.progr_15_include_exclude_at_testlevel" name="login" time="0.008"/>
  <system-out/>
</testsuite> <!-- testng_basic.progr_15_include_exclude_at_testlevel -->
