<?xml version="1.0" encoding="UTF-8"?>
<!-- Generated by org.testng.reporters.JUnitReportReporter -->
<testsuite hostname="DESKTOP-HTOPON3" failures="0" tests="1" name="ConvertintoTestng.iframe_with_Default_1" time="18.513" errors="0" timestamp="2024-08-11T21:49:20 IST" skipped="0">
  <testcase classname="ConvertintoTestng.iframe_with_Default_1" name="task" time="18.513"/>
  <system-out/>
</testsuite> <!-- ConvertintoTestng.iframe_with_Default_1 -->
