<?xml version="1.0" encoding="UTF-8"?>
<!-- Generated by org.testng.reporters.JUnitReportReporter -->
<testsuite hostname="DESKTOP-HTOPON3" failures="0" tests="1" name="ConvertintoTestng.webdriver_navigate" time="130.785" errors="0" timestamp="2024-08-10T09:00:16 IST" skipped="0">
  <testcase classname="ConvertintoTestng.webdriver_navigate" name="abmethod" time="130.785"/>
  <system-out/>
</testsuite> <!-- ConvertintoTestng.webdriver_navigate -->
