<?xml version="1.0" encoding="UTF-8"?>
<!-- Generated by org.testng.reporters.JUnitReportReporter -->
<testsuite hostname="DESKTOP-HTOPON3" failures="0" tests="1" name="testng_basic.progr_16_config_class2" time="0.005" errors="0" timestamp="2024-08-13T13:41:41 IST" skipped="0">
  <testcase classname="testng_basic.progr_16_config_class2" name="update" time="0.005"/>
  <system-out/>
</testsuite> <!-- testng_basic.progr_16_config_class2 -->
