<?xml version="1.0" encoding="UTF-8"?>
<!-- Generated by org.testng.reporters.JUnitReportReporter -->
<testsuite hostname="DESKTOP-HTOPON3" failures="0" tests="1" name="ConvertintoTestng.Action_5_draganddropbyScroll" time="37.514" errors="0" timestamp="2024-08-11T17:12:05 IST" skipped="0">
  <testcase classname="ConvertintoTestng.Action_5_draganddropbyScroll" name="task" time="37.514"/>
  <system-out/>
</testsuite> <!-- ConvertintoTestng.Action_5_draganddropbyScroll -->
