<?xml version="1.0" encoding="UTF-8"?>
<!-- Generated by org.testng.reporters.JUnitReportReporter -->
<testsuite hostname="DESKTOP-HTOPON3" failures="0" tests="4" name="testng_basic.prog_6_dependes_on_method" time="0.062" errors="0" timestamp="2024-08-08T12:41:47 IST" skipped="0">
  <testcase classname="testng_basic.prog_6_dependes_on_method" name="delete" time="0.012"/>
  <system-out/>
  <testcase classname="testng_basic.prog_6_dependes_on_method" name="reg" time="0.022"/>
  <system-out/>
  <testcase classname="testng_basic.prog_6_dependes_on_method" name="login" time="0.004"/>
  <system-out/>
  <testcase classname="testng_basic.prog_6_dependes_on_method" name="newacc" time="0.024"/>
  <system-out/>
</testsuite> <!-- testng_basic.prog_6_dependes_on_method -->
