<?xml version="1.0" encoding="UTF-8"?>
<!-- Generated by org.testng.reporters.JUnitReportReporter -->
<testsuite hostname="DESKTOP-HTOPON3" failures="0" tests="1" name="ConvertintoTestng.JSE_scrollTooooo_with_Webdriver_interfaceand_typecasting_2" time="17.695" errors="0" timestamp="2024-08-12T00:30:32 IST" skipped="0">
  <testcase classname="ConvertintoTestng.JSE_scrollTooooo_with_Webdriver_interfaceand_typecasting_2" name="task" time="17.695"/>
  <system-out/>
</testsuite> <!-- ConvertintoTestng.JSE_scrollTooooo_with_Webdriver_interfaceand_typecasting_2 -->
