<?xml version="1.0" encoding="UTF-8"?>
<!-- Generated by org.testng.reporters.JUnitReportReporter -->
<testsuite hostname="DESKTOP-HTOPON3" failures="0" tests="1" name="ConvertintoTestng.Popupwin_2_Hidden" time="62.612" errors="0" timestamp="2024-08-11T20:46:02 IST" skipped="0">
  <testcase classname="ConvertintoTestng.Popupwin_2_Hidden" name="task" time="62.612"/>
  <system-out/>
</testsuite> <!-- ConvertintoTestng.Popupwin_2_Hidden -->
