<?xml version="1.0" encoding="UTF-8"?>
<!-- Generated by org.testng.reporters.JUnitReportReporter -->
<testsuite hostname="DESKTOP-HTOPON3" failures="0" tests="1" name="ConvertintoTestng.homwork_task_takescreenshot" time="124.753" errors="0" timestamp="2024-08-10T09:41:11 IST" skipped="0">
  <testcase classname="ConvertintoTestng.homwork_task_takescreenshot" name="abmethod" time="124.753"/>
  <system-out/>
</testsuite> <!-- ConvertintoTestng.homwork_task_takescreenshot -->
