<?xml version="1.0" encoding="UTF-8"?>
<!-- Generated by org.testng.reporters.JUnitReportReporter -->
<testsuite hostname="DESKTOP-HTOPON3" failures="0" tests="1" name="ConvertintoTestng.datadriven_1_propertyfile" time="0.024" errors="0" timestamp="2024-08-11T21:30:04 IST" skipped="0">
  <testcase classname="ConvertintoTestng.datadriven_1_propertyfile" name="task" time="0.024"/>
  <system-out/>
</testsuite> <!-- ConvertintoTestng.datadriven_1_propertyfile -->
