<?xml version="1.0" encoding="UTF-8"?>
<!-- Generated by org.testng.reporters.JUnitReportReporter -->
<testsuite hostname="DESKTOP-HTOPON3" failures="0" tests="6" name="testng_basic.prog_4_innvocationcount" time="0.059" errors="0" timestamp="2024-08-07T13:48:57 IST" skipped="0">
  <testcase classname="testng_basic.prog_4_innvocationcount" name="reg" time="0.004"/>
  <system-out/>
  <testcase classname="testng_basic.prog_4_innvocationcount" name="reg" time="0.020"/>
  <system-out/>
  <testcase classname="testng_basic.prog_4_innvocationcount" name="login" time="0.004"/>
  <system-out/>
  <testcase classname="testng_basic.prog_4_innvocationcount" name="login" time="0.012"/>
  <system-out/>
  <testcase classname="testng_basic.prog_4_innvocationcount" name="delete" time="0.009"/>
  <system-out/>
  <testcase classname="testng_basic.prog_4_innvocationcount" name="delete" time="0.010"/>
  <system-out/>
</testsuite> <!-- testng_basic.prog_4_innvocationcount -->
