<?xml version="1.0" encoding="UTF-8"?>
<!-- Generated by org.testng.reporters.JUnitReportReporter -->
<testsuite hostname="DESKTOP-HTOPON3" failures="0" tests="1" name="testng_basic.progr_17_HardAssert" time="27.604" errors="0" timestamp="2024-08-17T09:46:13 IST" skipped="0">
  <testcase classname="testng_basic.progr_17_HardAssert" name="hardassert" time="27.604"/>
  <system-out/>
</testsuite> <!-- testng_basic.progr_17_HardAssert -->
