<?xml version="1.0" encoding="UTF-8"?>
<!-- Generated by org.testng.reporters.JUnitReportReporter -->
<testsuite hostname="DESKTOP-HTOPON3" failures="0" tests="1" name="ConvertintoTestng.Popupwin_4_upload" time="9.076" errors="0" timestamp="2024-08-11T20:58:38 IST" skipped="0">
  <testcase classname="ConvertintoTestng.Popupwin_4_upload" name="task" time="9.076"/>
  <system-out/>
</testsuite> <!-- ConvertintoTestng.Popupwin_4_upload -->
