<?xml version="1.0" encoding="UTF-8"?>
<!-- Generated by org.testng.reporters.JUnitReportReporter -->
<testsuite hostname="DESKTOP-HTOPON3" failures="0" tests="1" name="ConvertintoTestng.working_with_autosugg" time="25.037" errors="0" timestamp="2024-08-10T09:06:15 IST" skipped="0">
  <testcase classname="ConvertintoTestng.working_with_autosugg" name="abmethod" time="25.037"/>
  <system-out/>
</testsuite> <!-- ConvertintoTestng.working_with_autosugg -->
