<?xml version="1.0" encoding="UTF-8"?>
<!-- Generated by org.testng.reporters.JUnitReportReporter -->
<testsuite hostname="DESKTOP-HTOPON3" failures="0" tests="3" name="testng_basic.progr_16_config_class1" time="0.051" errors="0" timestamp="2024-08-13T13:41:41 IST" skipped="0">
  <testcase classname="testng_basic.progr_16_config_class1" name="demo" time="0.018"/>
  <system-out/>
  <testcase classname="testng_basic.progr_16_config_class1" name="create" time="0.021"/>
  <system-out/>
  <testcase classname="testng_basic.progr_16_config_class1" name="task" time="0.012"/>
  <system-out/>
</testsuite> <!-- testng_basic.progr_16_config_class1 -->
