<?xml version="1.0" encoding="UTF-8"?>
<!-- Generated by org.testng.reporters.JUnitReportReporter -->
<testsuite hostname="DESKTOP-HTOPON3" failures="0" tests="1" name="ConvertintoTestng.Locator_xpath_relative_textfun_3" time="61.513" errors="0" timestamp="2024-08-11T20:21:31 IST" skipped="0">
  <testcase classname="ConvertintoTestng.Locator_xpath_relative_textfun_3" name="task" time="61.513"/>
  <system-out/>
</testsuite> <!-- ConvertintoTestng.Locator_xpath_relative_textfun_3 -->
