<?xml version="1.0" encoding="UTF-8"?>
<!-- Generated by org.testng.reporters.JUnitReportReporter -->
<testsuite hostname="DESKTOP-HTOPON3" failures="0" tests="1" name="ConvertintoTestng.Action_1_click_and_perform" time="44.512" errors="0" timestamp="2024-08-11T16:55:28 IST" skipped="0">
  <testcase classname="ConvertintoTestng.Action_1_click_and_perform" name="task" time="44.512"/>
  <system-out/>
</testsuite> <!-- ConvertintoTestng.Action_1_click_and_perform -->
