<?xml version="1.0" encoding="UTF-8"?>
<!-- Generated by org.testng.reporters.JUnitReportReporter -->
<testsuite hostname="DESKTOP-HTOPON3" failures="0" tests="1" name="ConvertintoTestng.Webdriver_manage_timeouts" time="31.383" errors="0" timestamp="2024-08-10T08:56:19 IST" skipped="0">
  <testcase classname="ConvertintoTestng.Webdriver_manage_timeouts" name="time" time="31.383"/>
  <system-out/>
</testsuite> <!-- ConvertintoTestng.Webdriver_manage_timeouts -->
