<?xml version="1.0" encoding="UTF-8"?>
<!-- Generated by org.testng.reporters.JUnitReportReporter -->
<testsuite hostname="DESKTOP-HTOPON3" failures="0" tests="1" name="ConvertintoTestng.Locator_4_cssSelector" time="22.472" errors="0" timestamp="2024-08-11T19:32:21 IST" skipped="0">
  <testcase classname="ConvertintoTestng.Locator_4_cssSelector" name="task" time="22.472"/>
  <system-out/>
</testsuite> <!-- ConvertintoTestng.Locator_4_cssSelector -->
