<?xml version="1.0" encoding="UTF-8"?>
<!-- Generated by org.testng.reporters.JUnitReportReporter -->
<testsuite hostname="DESKTOP-HTOPON3" failures="0" tests="1" name="ConvertintoTestng.datadriven_3_write_back_to_excel" time="1.709" errors="0" timestamp="2024-08-11T21:39:54 IST" skipped="0">
  <testcase classname="ConvertintoTestng.datadriven_3_write_back_to_excel" name="task" time="1.709"/>
  <system-out/>
</testsuite> <!-- ConvertintoTestng.datadriven_3_write_back_to_excel -->
