<?xml version="1.0" encoding="UTF-8"?>
<!-- Generated by org.testng.reporters.JUnitReportReporter -->
<testsuite hostname="DESKTOP-HTOPON3" failures="0" tests="1" name="ConvertintoTestng.Action_4_draganddrop" time="28.598" errors="0" timestamp="2024-08-11T17:08:00 IST" skipped="0">
  <testcase classname="ConvertintoTestng.Action_4_draganddrop" name="task" time="28.598"/>
  <system-out/>
</testsuite> <!-- ConvertintoTestng.Action_4_draganddrop -->
