<?xml version="1.0" encoding="UTF-8"?>
<!-- Generated by org.testng.reporters.JUnitReportReporter -->
<testsuite hostname="DESKTOP-HTOPON3" failures="0" tests="1" name="ConvertintoTestng.Popupwin_7_changetab" time="77.511" errors="0" timestamp="2024-08-11T21:12:16 IST" skipped="0">
  <testcase classname="ConvertintoTestng.Popupwin_7_changetab" name="task" time="77.511"/>
  <system-out/>
</testsuite> <!-- ConvertintoTestng.Popupwin_7_changetab -->
