<?xml version="1.0" encoding="UTF-8"?>
<!-- Generated by org.testng.reporters.JUnitReportReporter -->
<testsuite hostname="DESKTOP-HTOPON3" failures="0" tests="1" name="ConvertintoTestng.datadriven_excel_2_using_forloop" time="2.685" errors="0" timestamp="2024-08-11T21:33:18 IST" skipped="0">
  <testcase classname="ConvertintoTestng.datadriven_excel_2_using_forloop" name="task" time="2.685"/>
  <system-out/>
</testsuite> <!-- ConvertintoTestng.datadriven_excel_2_using_forloop -->
