<?xml version="1.0" encoding="UTF-8"?>
<!-- Generated by org.testng.reporters.JUnitReportReporter -->
<testsuite hostname="DESKTOP-HTOPON3" failures="0" tests="1" name="ConvertintoTestng.Locator_xpath_relative_contains_2" time="68.682" errors="0" timestamp="2024-08-11T20:07:07 IST" skipped="0">
  <testcase classname="ConvertintoTestng.Locator_xpath_relative_contains_2" name="task" time="68.682"/>
  <system-out/>
</testsuite> <!-- ConvertintoTestng.Locator_xpath_relative_contains_2 -->
