<?xml version="1.0" encoding="UTF-8"?>
<!-- Generated by org.testng.reporters.JUnitReportReporter -->
<testsuite hostname="DESKTOP-HTOPON3" failures="0" tests="1" name="ConvertintoTestng.Robotclass_with_notpad" time="3.118" errors="0" timestamp="2024-08-11T20:35:53 IST" skipped="0">
  <testcase classname="ConvertintoTestng.Robotclass_with_notpad" name="task" time="3.118"/>
  <system-out/>
</testsuite> <!-- ConvertintoTestng.Robotclass_with_notpad -->
