<?xml version="1.0" encoding="UTF-8"?>
<!-- Generated by org.testng.reporters.JUnitReportReporter -->
<testsuite hostname="DESKTOP-HTOPON3" failures="0" tests="1" name="ConvertintoTestng.Popupwin_5_download" time="29.553" errors="0" timestamp="2024-08-11T21:03:24 IST" skipped="0">
  <testcase classname="ConvertintoTestng.Popupwin_5_download" name="task" time="29.553"/>
  <system-out/>
</testsuite> <!-- ConvertintoTestng.Popupwin_5_download -->
