<?xml version="1.0" encoding="UTF-8"?>
<!-- Generated by org.testng.reporters.JUnitReportReporter -->
<testsuite hostname="DESKTOP-HTOPON3" failures="0" tests="1" name="ConvertintoTestng.Action_2_doubleclick_click_webelement" time="29.453" errors="0" timestamp="2024-08-11T16:52:10 IST" skipped="0">
  <testcase classname="ConvertintoTestng.Action_2_doubleclick_click_webelement" name="task" time="29.453"/>
  <system-out/>
</testsuite> <!-- ConvertintoTestng.Action_2_doubleclick_click_webelement -->
