<?xml version="1.0" encoding="UTF-8"?>
<!-- Generated by org.testng.reporters.JUnitReportReporter -->
<testsuite hostname="DESKTOP-HTOPON3" failures="0" tests="1" name="testng_basic.progr_13_crossBrowser_Scanner_ip" time="29.503" errors="0" timestamp="2024-08-12T13:35:27 IST" skipped="0">
  <testcase classname="testng_basic.progr_13_crossBrowser_Scanner_ip" name="cross" time="29.503"/>
  <system-out/>
</testsuite> <!-- testng_basic.progr_13_crossBrowser_Scanner_ip -->
