<?xml version="1.0" encoding="UTF-8"?>
<!-- Generated by org.testng.reporters.JUnitReportReporter -->
<testsuite hostname="DESKTOP-HTOPON3" failures="0" tests="4" name="testng_basic.prog_5_enable" time="0.032" errors="0" timestamp="2024-08-07T13:54:34 IST" skipped="1">
  <testcase classname="testng_basic.prog_5_enable" name="reg" time="0.020"/>
  <system-out/>
  <testcase classname="testng_basic.prog_5_enable" name="login" time="0.008"/>
  <system-out/>
  <testcase classname="testng_basic.prog_5_enable" name="delete" time="0.004"/>
  <system-out/>
  <testcase classname="testng_basic.prog_5_enable" name="newacc">
    <skipped/>
  </testcase> <!-- newacc -->
  <system-out/>
</testsuite> <!-- testng_basic.prog_5_enable -->
