<?xml version="1.0" encoding="UTF-8"?>
<!-- Generated by org.testng.reporters.JUnitReportReporter -->
<testsuite hostname="DESKTOP-HTOPON3" failures="0" tests="1" name="ConvertintoTestng.JSE_disable_button_4" time="39.928" errors="0" timestamp="2024-08-12T00:37:38 IST" skipped="0">
  <testcase classname="ConvertintoTestng.JSE_disable_button_4" name="task" time="39.928"/>
  <system-out/>
</testsuite> <!-- ConvertintoTestng.JSE_disable_button_4 -->
