<?xml version="1.0" encoding="UTF-8"?>
<!-- Generated by org.testng.reporters.JUnitReportReporter -->
<testsuite hostname="DESKTOP-HTOPON3" failures="0" tests="1" name="testng_basic.prog_7_Log_assignment" time="29.260" errors="0" timestamp="2024-08-08T13:11:14 IST" skipped="0">
  <testcase classname="testng_basic.prog_7_Log_assignment" name="insta" time="29.260"/>
  <system-out>
    <![CDATA[Hello
By
Hii]]>
  </system-out>
</testsuite> <!-- testng_basic.prog_7_Log_assignment -->
