<?xml version="1.0" encoding="UTF-8"?>
<!-- Generated by org.testng.reporters.JUnitReportReporter -->
<testsuite hostname="DESKTOP-HTOPON3" failures="0" tests="1" name="testng_basic.progr_12_parameter_and_read_data_from_xmltestng" time="65.491" errors="0" timestamp="2024-08-10T21:57:39 IST" skipped="0">
  <testcase classname="testng_basic.progr_12_parameter_and_read_data_from_xmltestng" name="demo" time="65.491"/>
  <system-out/>
</testsuite> <!-- testng_basic.progr_12_parameter_and_read_data_from_xmltestng -->
