<?xml version="1.0" encoding="UTF-8"?>
<!-- Generated by org.testng.reporters.JUnitReportReporter -->
<testsuite hostname="DESKTOP-HTOPON3" failures="0" tests="1" name="ConvertintoTestng.datadriven_5_working_with_csv" time="0.138" errors="0" timestamp="2024-08-11T21:46:05 IST" skipped="0">
  <testcase classname="ConvertintoTestng.datadriven_5_working_with_csv" name="task" time="0.138"/>
  <system-out/>
</testsuite> <!-- ConvertintoTestng.datadriven_5_working_with_csv -->
