<?xml version="1.0" encoding="UTF-8"?>
<!-- Generated by org.testng.reporters.JUnitReportReporter -->
<testsuite hostname="DESKTOP-HTOPON3" failures="0" tests="2" name="testng_basic.progr_19_DataProvider" time="77.110" errors="0" timestamp="2024-08-20T12:44:43 IST" skipped="0">
  <testcase classname="testng_basic.progr_19_DataProvider" name="task" time="54.523"/>
  <system-out/>
  <testcase classname="testng_basic.progr_19_DataProvider" name="task" time="22.587"/>
  <system-out/>
</testsuite> <!-- testng_basic.progr_19_DataProvider -->
