<?xml version="1.0" encoding="UTF-8"?>
<!-- Generated by org.testng.reporters.JUnitReportReporter -->
<testsuite hostname="DESKTOP-HTOPON3" failures="0" tests="1" name="ConvertintoTestng.Locator_method" time="17.267" errors="0" timestamp="2024-08-11T17:58:04 IST" skipped="0">
  <testcase classname="ConvertintoTestng.Locator_method" name="task" time="17.267"/>
  <system-out/>
</testsuite> <!-- ConvertintoTestng.Locator_method -->
