<?xml version="1.0" encoding="UTF-8"?>
<!-- Generated by org.testng.reporters.JUnitReportReporter -->
<testsuite hostname="DESKTOP-HTOPON3" failures="0" tests="1" name="ConvertintoTestng.Popupwin_6_notification" time="25.490" errors="0" timestamp="2024-08-11T21:07:56 IST" skipped="0">
  <testcase classname="ConvertintoTestng.Popupwin_6_notification" name="task" time="25.490"/>
  <system-out/>
</testsuite> <!-- ConvertintoTestng.Popupwin_6_notification -->
