<?xml version="1.0" encoding="UTF-8"?>
<!-- Generated by org.testng.reporters.JUnitReportReporter -->
<testsuite hostname="DESKTOP-HTOPON3" failures="0" tests="1" name="ConvertintoTestng.select_tag_multiple" time="58.255" errors="0" timestamp="2024-08-11T20:31:31 IST" skipped="0">
  <testcase classname="ConvertintoTestng.select_tag_multiple" name="task" time="58.255"/>
  <system-out/>
</testsuite> <!-- ConvertintoTestng.select_tag_multiple -->
