<?xml version="1.0" encoding="UTF-8"?>
<!-- Generated by org.testng.reporters.JUnitReportReporter -->
<testsuite hostname="DESKTOP-HTOPON3" failures="0" tests="1" name="Action_1_click_and_perform" time="20.168" errors="0" timestamp="2024-08-11T16:43:53 IST" skipped="0">
  <testcase classname="Action_1_click_and_perform" name="task" time="20.168"/>
  <system-out/>
</testsuite> <!-- Action_1_click_and_perform -->
