<?xml version="1.0" encoding="UTF-8"?>
<!-- Generated by org.testng.reporters.JUnitReportReporter -->
<testsuite hostname="DESKTOP-HTOPON3" failures="0" tests="1" name="ConvertintoTestng.Popupwin_3_authen" time="18.079" errors="0" timestamp="2024-08-11T20:49:00 IST" skipped="0">
  <testcase classname="ConvertintoTestng.Popupwin_3_authen" name="task" time="18.079"/>
  <system-out/>
</testsuite> <!-- ConvertintoTestng.Popupwin_3_authen -->
