<?xml version="1.0" encoding="UTF-8"?>
<!-- Generated by org.testng.reporters.JUnitReportReporter -->
<testsuite hostname="DESKTOP-HTOPON3" failures="0" tests="1" name="ConvertintoTestng.Locator_xpath_relative_attri_1" time="75.955" errors="0" timestamp="2024-08-11T20:01:18 IST" skipped="0">
  <testcase classname="ConvertintoTestng.Locator_xpath_relative_attri_1" name="task" time="75.955"/>
  <system-out/>
</testsuite> <!-- ConvertintoTestng.Locator_xpath_relative_attri_1 -->
