<?xml version="1.0" encoding="UTF-8"?>
<!-- Generated by org.testng.reporters.JUnitReportReporter -->
<testsuite hostname="DESKTOP-HTOPON3" failures="0" tests="1" name="ConvertintoTestng.Action_7__hover_movetoelement" time="16.778" errors="0" timestamp="2024-08-11T17:29:56 IST" skipped="0">
  <testcase classname="ConvertintoTestng.Action_7__hover_movetoelement" name="task" time="16.778"/>
  <system-out/>
</testsuite> <!-- ConvertintoTestng.Action_7__hover_movetoelement -->
