<?xml version="1.0" encoding="UTF-8"?>
<!-- Generated by org.testng.reporters.JUnitReportReporter -->
<testsuite hostname="DESKTOP-HTOPON3" failures="0" tests="1" name="testng_basic.first_prog" time="43.432" errors="0" timestamp="2024-08-07T13:11:49 IST" skipped="0">
  <testcase classname="testng_basic.first_prog" name="trial" time="43.432"/>
  <system-out/>
</testsuite> <!-- testng_basic.first_prog -->
