<?xml version="1.0" encoding="UTF-8"?>
<!-- Generated by org.testng.reporters.JUnitReportReporter -->
<testsuite hostname="DESKTOP-HTOPON3" failures="0" tests="1" name="ConvertintoTestng.JSE_scrollby_with_Cromebrowserclass_1" time="11.894" errors="0" timestamp="2024-08-12T00:19:20 IST" skipped="0">
  <testcase classname="ConvertintoTestng.JSE_scrollby_with_Cromebrowserclass_1" name="task" time="11.894"/>
  <system-out/>
</testsuite> <!-- ConvertintoTestng.JSE_scrollby_with_Cromebrowserclass_1 -->
