<?xml version="1.0" encoding="UTF-8"?>
<!-- Generated by org.testng.reporters.JUnitReportReporter -->
<testsuite hostname="DESKTOP-HTOPON3" failures="0" tests="1" name="ConvertintoTestng.Locator_method_2_same_eg" time="19.519" errors="0" timestamp="2024-08-11T19:19:00 IST" skipped="0">
  <testcase classname="ConvertintoTestng.Locator_method_2_same_eg" name="task" time="19.519"/>
  <system-out/>
</testsuite> <!-- ConvertintoTestng.Locator_method_2_same_eg -->
