<?xml version="1.0" encoding="UTF-8"?>
<!-- Generated by org.testng.reporters.JUnitReportReporter -->
<testsuite hostname="DESKTOP-HTOPON3" failures="0" tests="1" name="ConvertintoTestng.select_tag_single" time="53.651" errors="0" timestamp="2024-08-11T20:27:17 IST" skipped="0">
  <testcase classname="ConvertintoTestng.select_tag_single" name="task" time="53.651"/>
  <system-out/>
</testsuite> <!-- ConvertintoTestng.select_tag_single -->
