<?xml version="1.0" encoding="UTF-8"?>
<!-- Generated by org.testng.reporters.JUnitReportReporter -->
<testsuite hostname="DESKTOP-HTOPON3" failures="0" tests="1" name="ConvertintoTestng.iframe_with_Nested_2" time="22.546" errors="0" timestamp="2024-08-11T21:51:28 IST" skipped="0">
  <testcase classname="ConvertintoTestng.iframe_with_Nested_2" name="task" time="22.546"/>
  <system-out/>
</testsuite> <!-- ConvertintoTestng.iframe_with_Nested_2 -->
