<?xml version="1.0" encoding="UTF-8"?>
<!-- Generated by org.testng.reporters.JUnitReportReporter -->
<testsuite hostname="DESKTOP-HTOPON3" failures="0" tests="1" name="ConvertintoTestng.JSE_scrollby_with_Webdriver_interfaceand_typecasting_2" time="12.056" errors="0" timestamp="2024-08-12T00:26:00 IST" skipped="0">
  <testcase classname="ConvertintoTestng.JSE_scrollby_with_Webdriver_interfaceand_typecasting_2" name="task" time="12.056"/>
  <system-out/>
</testsuite> <!-- ConvertintoTestng.JSE_scrollby_with_Webdriver_interfaceand_typecasting_2 -->
