<?xml version="1.0" encoding="UTF-8"?>
<!-- Generated by org.testng.reporters.JUnitReportReporter -->
<testsuite hostname="DESKTOP-HTOPON3" failures="0" tests="1" name="testng_basic.progr_18_SoftAssert" time="15.023" errors="0" timestamp="2024-08-17T11:33:38 IST" skipped="0">
  <testcase classname="testng_basic.progr_18_SoftAssert" name="softassert" time="15.023"/>
  <system-out/>
</testsuite> <!-- testng_basic.progr_18_SoftAssert -->
