<?xml version="1.0" encoding="UTF-8"?>
<!-- Generated by org.testng.reporters.JUnitReportReporter -->
<testsuite hostname="DESKTOP-HTOPON3" failures="0" tests="1" name="ConvertintoTestng.JSE_hiden_disable__textbox_6" time="37.950" errors="0" timestamp="2024-08-12T00:41:31 IST" skipped="0">
  <testcase classname="ConvertintoTestng.JSE_hiden_disable__textbox_6" name="task" time="37.950"/>
  <system-out/>
</testsuite> <!-- ConvertintoTestng.JSE_hiden_disable__textbox_6 -->
