<?xml version="1.0" encoding="UTF-8"?>
<!-- Generated by org.testng.reporters.JUnitReportReporter -->
<testsuite hostname="DESKTOP-HTOPON3" failures="0" tests="1" name="ConvertintoTestng.JSE_disable_textbox_5" time="29.513" errors="0" timestamp="2024-08-12T00:39:06 IST" skipped="0">
  <testcase classname="ConvertintoTestng.JSE_disable_textbox_5" name="task" time="29.513"/>
  <system-out/>
</testsuite> <!-- ConvertintoTestng.JSE_disable_textbox_5 -->
