<?xml version="1.0" encoding="UTF-8"?>
<!-- Generated by org.testng.reporters.JUnitReportReporter -->
<testsuite hostname="DESKTOP-HTOPON3" failures="0" tests="1" name="ConvertintoTestng.launch_all_browser" time="165.002" errors="0" timestamp="2024-08-10T08:40:35 IST" skipped="0">
  <testcase classname="ConvertintoTestng.launch_all_browser" name="launch" time="165.002"/>
  <system-out/>
</testsuite> <!-- ConvertintoTestng.launch_all_browser -->
