<?xml version="1.0" encoding="UTF-8"?>
<!-- Generated by org.testng.reporters.JUnitReportReporter -->
<testsuite hostname="DESKTOP-HTOPON3" failures="0" tests="1" name="testng_basic.prog_8_amazon_batch" time="182.767" errors="0" timestamp="2024-08-10T13:19:07 IST" skipped="0">
  <testcase classname="testng_basic.prog_8_amazon_batch" name="amazon" time="182.767"/>
  <system-out/>
</testsuite> <!-- testng_basic.prog_8_amazon_batch -->
