<?xml version="1.0" encoding="UTF-8"?>
<!-- Generated by org.testng.reporters.JUnitReportReporter -->
<testsuite hostname="DESKTOP-HTOPON3" failures="0" tests="2" name="testng_basic.progr_19_1_DataProvider" time="30.023" errors="0" timestamp="2024-08-21T07:49:49 IST" skipped="0">
  <testcase classname="testng_basic.progr_19_1_DataProvider" name="demo" time="14.959"/>
  <system-out/>
  <testcase classname="testng_basic.progr_19_1_DataProvider" name="demo" time="15.064"/>
  <system-out/>
</testsuite> <!-- testng_basic.progr_19_1_DataProvider -->
