<?xml version="1.0" encoding="UTF-8"?>
<!-- Generated by org.testng.reporters.JUnitReportReporter -->
<testsuite hostname="DESKTOP-HTOPON3" failures="0" tests="1" name="ConvertintoTestng.Action_8__draganddrop_clickandhold_and_release" time="26.347" errors="0" timestamp="2024-08-11T17:37:26 IST" skipped="0">
  <testcase classname="ConvertintoTestng.Action_8__draganddrop_clickandhold_and_release" name="task" time="26.347"/>
  <system-out/>
</testsuite> <!-- ConvertintoTestng.Action_8__draganddrop_clickandhold_and_release -->
