<?xml version="1.0" encoding="UTF-8"?>
<!-- Generated by org.testng.reporters.JUnitReportReporter -->
<testsuite hostname="DESKTOP-HTOPON3" failures="0" tests="1" name="ConvertintoTestng.Popupwin_1" time="22.695" errors="0" timestamp="2024-08-11T20:43:10 IST" skipped="0">
  <testcase classname="ConvertintoTestng.Popupwin_1" name="task" time="22.695"/>
  <system-out/>
</testsuite> <!-- ConvertintoTestng.Popupwin_1 -->
