<?xml version="1.0" encoding="UTF-8"?>
<!-- Generated by org.testng.reporters.JUnitReportReporter -->
<testsuite hostname="DESKTOP-HTOPON3" failures="0" tests="1" name="ConvertintoTestng.Action_6__movetolocation_or_movebyoffset" time="24.828" errors="0" timestamp="2024-08-11T17:20:47 IST" skipped="0">
  <testcase classname="ConvertintoTestng.Action_6__movetolocation_or_movebyoffset" name="task" time="24.828"/>
  <system-out/>
</testsuite> <!-- ConvertintoTestng.Action_6__movetolocation_or_movebyoffset -->
