<?xml version="1.0" encoding="UTF-8"?>
<!-- Generated by org.testng.reporters.JUnitReportReporter -->
<testsuite hostname="DESKTOP-HTOPON3" failures="0" tests="1" name="ConvertintoTestng.webelement_method" time="74.586" errors="0" timestamp="2024-08-10T09:04:27 IST" skipped="0">
  <testcase classname="ConvertintoTestng.webelement_method" name="abmethod" time="74.586"/>
  <system-out/>
</testsuite> <!-- ConvertintoTestng.webelement_method -->
