<?xml version="1.0" encoding="UTF-8"?>
<!-- Generated by org.testng.reporters.JUnitReportReporter -->
<testsuite hostname="DESKTOP-HTOPON3" failures="0" tests="1" name="testng_basic.progr_11_threadpoolsize_parllel_threadcount_with_class_insta" time="201.937" errors="0" timestamp="2024-08-10T13:19:07 IST" skipped="0">
  <testcase classname="testng_basic.progr_11_threadpoolsize_parllel_threadcount_with_class_insta" name="insta" time="201.937"/>
  <system-out/>
</testsuite> <!-- testng_basic.progr_11_threadpoolsize_parllel_threadcount_with_class_insta -->
