<?xml version="1.0" encoding="UTF-8"?>
<!-- Generated by org.testng.reporters.JUnitReportReporter -->
<testsuite hostname="DESKTOP-HTOPON3" failures="0" tests="1" name="ConvertintoTestng.Locator_method_2" time="30.622" errors="0" timestamp="2024-08-11T18:03:28 IST" skipped="0">
  <testcase classname="ConvertintoTestng.Locator_method_2" name="task" time="30.622"/>
  <system-out/>
</testsuite> <!-- ConvertintoTestng.Locator_method_2 -->
