<?xml version="1.0" encoding="UTF-8"?>
<!-- Generated by org.testng.reporters.JUnitReportReporter -->
<testsuite hostname="DESKTOP-HTOPON3" failures="0" tests="5" name="testng_basic.progr_10__threadpoolsize_with_browser_parllel_helperattribute" time="640.157" errors="0" timestamp="2024-08-10T13:19:07 IST" skipped="0">
  <testcase classname="testng_basic.progr_10__threadpoolsize_with_browser_parllel_helperattribute" name="face" time="96.583"/>
  <system-out/>
  <testcase classname="testng_basic.progr_10__threadpoolsize_with_browser_parllel_helperattribute" name="face" time="139.453"/>
  <system-out/>
  <testcase classname="testng_basic.progr_10__threadpoolsize_with_browser_parllel_helperattribute" name="face" time="135.961"/>
  <system-out/>
  <testcase classname="testng_basic.progr_10__threadpoolsize_with_browser_parllel_helperattribute" name="face" time="135.828"/>
  <system-out/>
  <testcase classname="testng_basic.progr_10__threadpoolsize_with_browser_parllel_helperattribute" name="face" time="132.332"/>
  <system-out/>
</testsuite> <!-- testng_basic.progr_10__threadpoolsize_with_browser_parllel_helperattribute -->
