<?xml version="1.0" encoding="UTF-8"?>
<!-- Generated by org.testng.reporters.JUnitReportReporter -->
<testsuite hostname="DESKTOP-HTOPON3" failures="0" tests="1" name="ConvertintoTestng.take_screenshot_webpage" time="26.165" errors="0" timestamp="2024-08-10T09:23:23 IST" skipped="0">
  <testcase classname="ConvertintoTestng.take_screenshot_webpage" name="abmethod" time="26.165"/>
  <system-out/>
</testsuite> <!-- ConvertintoTestng.take_screenshot_webpage -->
