<?xml version="1.0" encoding="UTF-8"?>
<!-- Generated by org.testng.reporters.JUnitReportReporter -->
<testsuite hostname="DESKTOP-HTOPON3" failures="0" tests="1" name="ConvertintoTestng.Popupwin_8_changewindow" time="30.258" errors="0" timestamp="2024-08-11T21:14:20 IST" skipped="0">
  <testcase classname="ConvertintoTestng.Popupwin_8_changewindow" name="task" time="30.258"/>
  <system-out/>
</testsuite> <!-- ConvertintoTestng.Popupwin_8_changewindow -->
