<?xml version="1.0" encoding="UTF-8"?>
<!-- Generated by org.testng.reporters.JUnitReportReporter -->
<testsuite hostname="DESKTOP-HTOPON3" failures="0" tests="1" name="testng_basic.progr_22_reinitialize_dropdown" time="40.474" errors="0" timestamp="2024-08-21T12:43:14 IST" skipped="0">
  <testcase classname="testng_basic.progr_22_reinitialize_dropdown" name="demo" time="40.474"/>
  <system-out/>
</testsuite> <!-- testng_basic.progr_22_reinitialize_dropdown -->
