<?xml version="1.0" encoding="UTF-8"?>
<!-- Generated by org.testng.reporters.JUnitReportReporter -->
<testsuite hostname="DESKTOP-HTOPON3" failures="0" tests="1" name="ConvertintoTestng.iframe_with_NestedMultiple_4" time="32.666" errors="0" timestamp="2024-08-12T00:12:59 IST" skipped="0">
  <testcase classname="ConvertintoTestng.iframe_with_NestedMultiple_4" name="task" time="32.666"/>
  <system-out/>
</testsuite> <!-- ConvertintoTestng.iframe_with_NestedMultiple_4 -->
