<?xml version="1.0" encoding="UTF-8"?>
<!-- Generated by org.testng.reporters.JUnitReportReporter -->
<testsuite hostname="DESKTOP-HTOPON3" failures="0" tests="1" name="ConvertintoTestng.datadriven_4_1_working_with_json" time="0.032" errors="0" timestamp="2024-08-11T21:43:57 IST" skipped="0">
  <testcase classname="ConvertintoTestng.datadriven_4_1_working_with_json" name="task" time="0.032"/>
  <system-out/>
</testsuite> <!-- ConvertintoTestng.datadriven_4_1_working_with_json -->
